生成启动时间为 2012-4-25 9:26:16。
     1>项目“z:\examples\signals_slots_demo\signals_slots_demo.vcxproj”在节点 2 上(build 个目标)。
     1>InitializeBuildStatus:
         正在对“Debug\signals_slots_demo.unsuccessfulbuild”执行 Touch 任务。
       CustomBuild:
         Moc'ing signals_slots_declare.h...
       ClCompile:
         D:\Program Files\Microsoft Visual Studio 10.0\VC\bin\CL.exe /c /ID:\QtSDK\Desktop\Qt\4.8.1\msvc2010\include /I.\GeneratedFiles\Debug /ID:\QtSDK\Desktop\Qt\4.8.1\msvc2010\include\QtCore /Zi /nologo /W1 /WX- /Od /Oy- /D UNICODE /D WIN32 /D QT_LARGEFILE_SUPPORT /D QT_CORE_LIB /Gm- /EHsc /MDd /GS /fp:precise /Zc:wchar_t- /Zc:forScope /Fo"Debug\\" /Fd"Debug\vc100.pdb" /Gd /TP /analyze- /errorReport:prompt GeneratedFiles\Debug\moc_signals_slots_declare.cpp
         moc_signals_slots_declare.cpp
       Link:
         D:\Program Files\Microsoft Visual Studio 10.0\VC\bin\link.exe /ERRORREPORT:PROMPT /OUT:"z:\examples\signals_slots_demo\\signals_slots_demo.exe" /NOLOGO /LIBPATH:D:\QtSDK\Desktop\Qt\4.8.1\msvc2010\lib qtmaind.lib QtCored4.lib kernel32.lib user32.lib gdi32.lib winspool.lib comdlg32.lib advapi32.lib shell32.lib ole32.lib oleaut32.lib uuid.lib odbc32.lib odbccp32.lib /MANIFEST /ManifestFile:"Debug\signals_slots_demo.exe.intermediate.manifest" /MANIFESTUAC:"level='asInvoker' uiAccess='false'" /DEBUG /PDB:"z:\examples\signals_slots_demo\signals_slots_demo.pdb" /SUBSYSTEM:CONSOLE /TLBID:1 /DYNAMICBASE /NXCOMPAT /IMPLIB:"z:\examples\signals_slots_demo\signals_slots_demo.lib" /MACHINE:X86 Debug\moc_signals_slots_declare.obj
         Debug\main.obj
         signals_slots_demo.vcxproj -> z:\examples\signals_slots_demo\signals_slots_demo.exe
       Manifest:
         C:\Program Files\Microsoft SDKs\Windows\v7.0A\bin\mt.exe /nologo /verbose /outputresource:"z:\examples\signals_slots_demo\\signals_slots_demo.exe;#1" /manifest Debug\signals_slots_demo.exe.intermediate.manifest
       FinalizeBuildStatus:
         正在删除文件“Debug\signals_slots_demo.unsuccessfulbuild”。
         正在对“Debug\signals_slots_demo.lastbuildstate”执行 Touch 任务。
     1>已完成生成项目“z:\examples\signals_slots_demo\signals_slots_demo.vcxproj”(build 个目标)的操作。

生成成功。

已用时间 00:00:06.62
