Z:\EXAMPLES\BASIC_STRING_DEMO\DEBUG\BASIC_STRING_DEMO.EXE
Z:\EXAMPLES\BASIC_STRING_DEMO\DEBUG\BASIC_STRING_DEMO.EXE.EMBED.MANIFEST
Z:\EXAMPLES\BASIC_STRING_DEMO\DEBUG\BASIC_STRING_DEMO.EXE.EMBED.MANIFEST.RES
Z:\EXAMPLES\BASIC_STRING_DEMO\DEBUG\BASIC_STRING_DEMO.EXE.INTERMEDIATE.MANIFEST
Z:\EXAMPLES\BASIC_STRING_DEMO\DEBUG\BASIC_STRING_DEMO.ILK
Z:\EXAMPLES\BASIC_STRING_DEMO\DEBUG\BASIC_STRING_DEMO.PDB
Z:\examples\basic_string_demo\Debug\basic_string_demo_manifest.rc
Z:\examples\basic_string_demo\Debug\cl.command.1.tlog
Z:\examples\basic_string_demo\Debug\CL.read.1.tlog
Z:\examples\basic_string_demo\Debug\CL.write.1.tlog
Z:\examples\basic_string_demo\Debug\link.1856.read.1.tlog
Z:\examples\basic_string_demo\Debug\link.1856.write.1.tlog
Z:\examples\basic_string_demo\Debug\link.1856-cvtres.read.1.tlog
Z:\examples\basic_string_demo\Debug\link.1856-cvtres.write.1.tlog
Z:\examples\basic_string_demo\Debug\link.command.1.tlog
Z:\examples\basic_string_demo\Debug\link.read.1.tlog
Z:\examples\basic_string_demo\Debug\link.write.1.tlog
Z:\examples\basic_string_demo\Debug\link-cvtres.read.1.tlog
Z:\examples\basic_string_demo\Debug\link-cvtres.write.1.tlog
Z:\EXAMPLES\BASIC_STRING_DEMO\DEBUG\MAIN.OBJ
Z:\examples\basic_string_demo\Debug\mt.command.1.tlog
Z:\examples\basic_string_demo\Debug\mt.read.1.tlog
Z:\examples\basic_string_demo\Debug\mt.write.1.tlog
Z:\examples\basic_string_demo\Debug\rc.command.1.tlog
Z:\examples\basic_string_demo\Debug\rc.read.1.tlog
Z:\examples\basic_string_demo\Debug\rc.write.1.tlog
Z:\examples\basic_string_demo\Debug\vc100.idb
Z:\EXAMPLES\BASIC_STRING_DEMO\DEBUG\VC100.PDB
