生成启动时间为 2012-4-24 19:06:06。
     1>项目“Z:\examples\ci_string\ci_string\ci_string.vcxproj”在节点 2 上(build 个目标)。
     1>InitializeBuildStatus:
         正在创建“Debug\ci_string.unsuccessfulbuild”，因为已指定“AlwaysCreate”。
       ClCompile:
         D:\Program Files\Microsoft Visual Studio 10.0\VC\bin\CL.exe /c /ZI /nologo /W3 /WX- /Od /Oy- /D _MBCS /Gm /EHsc /RTC1 /MDd /GS /fp:precise /Zc:wchar_t /Zc:forScope /Fo"Debug\\" /Fd"Debug\vc100.pdb" /Gd /TP /analyze- /errorReport:prompt main.cpp
         main.cpp
     1>z:\examples\ci_string\ci_string\main.cpp(13): warning C4996: 'memicmp': The POSIX name for this item is deprecated. Instead, use the ISO C++ conformant name: _memicmp. See online help for details.
                 d:\program files\microsoft visual studio 10.0\vc\include\string.h(93) : 参见“memicmp”的声明
       Link:
         D:\Program Files\Microsoft Visual Studio 10.0\VC\bin\link.exe /ERRORREPORT:PROMPT /OUT:"Z:\examples\ci_string\Debug\ci_string.exe" /NOLOGO kernel32.lib user32.lib gdi32.lib winspool.lib comdlg32.lib advapi32.lib shell32.lib ole32.lib oleaut32.lib uuid.lib odbc32.lib odbccp32.lib /MANIFEST /ManifestFile:"Debug\ci_string.exe.intermediate.manifest" /MANIFESTUAC:"level='asInvoker' uiAccess='false'" /DEBUG /PDB:"Z:\examples\ci_string\Debug\ci_string.pdb" /TLBID:1 /DYNAMICBASE /NXCOMPAT /IMPLIB:"Z:\examples\ci_string\Debug\ci_string.lib" /MACHINE:X86 Debug\main.obj
         ci_string.vcxproj -> Z:\examples\ci_string\Debug\ci_string.exe
       Manifest:
         C:\Program Files\Microsoft SDKs\Windows\v7.0A\bin\mt.exe /nologo /verbose /outputresource:"Z:\examples\ci_string\Debug\ci_string.exe;#1" /manifest Debug\ci_string.exe.intermediate.manifest
       FinalizeBuildStatus:
         正在删除文件“Debug\ci_string.unsuccessfulbuild”。
         正在对“Debug\ci_string.lastbuildstate”执行 Touch 任务。
     1>已完成生成项目“Z:\examples\ci_string\ci_string\ci_string.vcxproj”(build 个目标)的操作。

生成成功。

已用时间 00:00:02.53
