生成启动时间为 2012-4-24 20:10:00。
     1>项目“z:\examples\imageviewer\imageviewer.vcxproj”在节点 2 上(build 个目标)。
     1>InitializeBuildStatus:
         正在创建“Debug\imageviewer.unsuccessfulbuild”，因为已指定“AlwaysCreate”。
     1>RCC : warning : No resources in 'z:\examples\imageviewer\imageviewer.qrc'.
         
         Moc'ing imageviewer.h...
         Uic'ing imageviewer.ui...
         Rcc'ing imageviewer.qrc...
       ClCompile:
         D:\Program Files\Microsoft Visual Studio 10.0\VC\bin\CL.exe /c /I.\GeneratedFiles /ID:\QtSDK\Desktop\Qt\4.8.1\msvc2010\include /I.\GeneratedFiles\Debug /ID:\QtSDK\Desktop\Qt\4.8.1\msvc2010\include\QtCore /ID:\QtSDK\Desktop\Qt\4.8.1\msvc2010\include\QtGui /I.\ /Zi /nologo /W1 /WX- /Od /Oy- /D UNICODE /D WIN32 /D QT_LARGEFILE_SUPPORT /D QT_CORE_LIB /D QT_GUI_LIB /Gm- /EHsc /MDd /GS /fp:precise /Zc:wchar_t- /Zc:forScope /Fo"Debug\\" /Fd"Debug\vc100.pdb" /Gd /TP /analyze- /errorReport:prompt GeneratedFiles\Debug\moc_imageviewer.cpp imageviewer.cpp main.cpp
         moc_imageviewer.cpp
         imageviewer.cpp
         main.cpp
         正在生成代码...
         D:\Program Files\Microsoft Visual Studio 10.0\VC\bin\CL.exe /c /I.\GeneratedFiles /ID:\QtSDK\Desktop\Qt\4.8.1\msvc2010\include /I.\GeneratedFiles\Debug /ID:\QtSDK\Desktop\Qt\4.8.1\msvc2010\include\QtCore /ID:\QtSDK\Desktop\Qt\4.8.1\msvc2010\include\QtGui /I.\ /Zi /nologo /W1 /WX- /Od /Oy- /D UNICODE /D WIN32 /D QT_LARGEFILE_SUPPORT /D QT_CORE_LIB /D QT_GUI_LIB /Gm- /EHsc /MDd /GS /fp:precise /Zc:wchar_t- /Zc:forScope /Fo"Debug\\" /Fd"Debug\vc100.pdb" /Gd /TP /analyze- /errorReport:prompt GeneratedFiles\qrc_imageviewer.cpp
         qrc_imageviewer.cpp
       Link:
         D:\Program Files\Microsoft Visual Studio 10.0\VC\bin\link.exe /ERRORREPORT:PROMPT /OUT:"z:\examples\imageviewer\\imageviewer.exe" /NOLOGO /LIBPATH:D:\QtSDK\Desktop\Qt\4.8.1\msvc2010\lib qtmaind.lib QtCored4.lib QtGuid4.lib kernel32.lib user32.lib gdi32.lib winspool.lib comdlg32.lib advapi32.lib shell32.lib ole32.lib oleaut32.lib uuid.lib odbc32.lib odbccp32.lib /MANIFEST /ManifestFile:"Debug\imageviewer.exe.intermediate.manifest" /MANIFESTUAC:"level='asInvoker' uiAccess='false'" /DEBUG /PDB:"z:\examples\imageviewer\imageviewer.pdb" /SUBSYSTEM:WINDOWS /TLBID:1 /DYNAMICBASE /NXCOMPAT /IMPLIB:"z:\examples\imageviewer\imageviewer.lib" /MACHINE:X86 Debug\moc_imageviewer.obj
         Debug\qrc_imageviewer.obj
         Debug\imageviewer.obj
         Debug\main.obj
     1>qtmaind.lib(qtmain_win.obj) : warning LNK4099: 未找到 PDB“vc100.pdb”(使用“qtmaind.lib(qtmain_win.obj)”或在“z:\examples\imageviewer\vc100.pdb”中寻找)；正在链接对象，如同没有调试信息一样
         imageviewer.vcxproj -> z:\examples\imageviewer\imageviewer.exe
       Manifest:
         C:\Program Files\Microsoft SDKs\Windows\v7.0A\bin\mt.exe /nologo /verbose /outputresource:"z:\examples\imageviewer\\imageviewer.exe;#1" /manifest Debug\imageviewer.exe.intermediate.manifest
       FinalizeBuildStatus:
         正在删除文件“Debug\imageviewer.unsuccessfulbuild”。
         正在对“Debug\imageviewer.lastbuildstate”执行 Touch 任务。
     1>已完成生成项目“z:\examples\imageviewer\imageviewer.vcxproj”(build 个目标)的操作。

生成成功。

已用时间 00:00:12.09
