生成启动时间为 2012-4-24 20:06:28。
     1>项目“Z:\examples\fstream_demo\fstream_demo.vcxproj”在节点 2 上(build 个目标)。
     1>InitializeBuildStatus:
         正在创建“Debug\fstream_demo.unsuccessfulbuild”，因为已指定“AlwaysCreate”。
       ClCompile:
         D:\Program Files\Microsoft Visual Studio 10.0\VC\bin\CL.exe /c /ZI /nologo /W3 /WX- /Od /Oy- /D WIN32 /D _DEBUG /D _CONSOLE /D _UNICODE /D UNICODE /Gm /EHsc /RTC1 /MDd /GS /fp:precise /Zc:wchar_t /Zc:forScope /Fo"Debug\\" /Fd"Debug\vc100.pdb" /Gd /TP /analyze- /errorReport:prompt main.cpp
         main.cpp
       ManifestResourceCompile:
         C:\Program Files\Microsoft SDKs\Windows\v7.0A\bin\rc.exe /nologo /fo"Debug\fstream_demo.exe.embed.manifest.res" Debug\fstream_demo_manifest.rc 
       Link:
         D:\Program Files\Microsoft Visual Studio 10.0\VC\bin\link.exe /ERRORREPORT:PROMPT /OUT:"Z:\examples\fstream_demo\Debug\fstream_demo.exe" /INCREMENTAL /NOLOGO kernel32.lib user32.lib gdi32.lib winspool.lib comdlg32.lib advapi32.lib shell32.lib ole32.lib oleaut32.lib uuid.lib odbc32.lib odbccp32.lib /MANIFEST /ManifestFile:"Debug\fstream_demo.exe.intermediate.manifest" /MANIFESTUAC:"level='asInvoker' uiAccess='false'" /DEBUG /PDB:"Z:\examples\fstream_demo\Debug\fstream_demo.pdb" /SUBSYSTEM:CONSOLE /TLBID:1 /DYNAMICBASE /NXCOMPAT /IMPLIB:"Z:\examples\fstream_demo\Debug\fstream_demo.lib" /MACHINE:X86 Debug\fstream_demo.exe.embed.manifest.res
         Debug\main.obj
       Manifest:
         C:\Program Files\Microsoft SDKs\Windows\v7.0A\bin\mt.exe /nologo /verbose /out:"Debug\fstream_demo.exe.embed.manifest" /manifest Debug\fstream_demo.exe.intermediate.manifest
         C:\Program Files\Microsoft SDKs\Windows\v7.0A\bin\rc.exe /nologo /fo"Debug\fstream_demo.exe.embed.manifest.res" Debug\fstream_demo_manifest.rc 
       LinkEmbedManifest:
         D:\Program Files\Microsoft Visual Studio 10.0\VC\bin\link.exe /ERRORREPORT:PROMPT /OUT:"Z:\examples\fstream_demo\Debug\fstream_demo.exe" /INCREMENTAL /NOLOGO kernel32.lib user32.lib gdi32.lib winspool.lib comdlg32.lib advapi32.lib shell32.lib ole32.lib oleaut32.lib uuid.lib odbc32.lib odbccp32.lib /MANIFEST /ManifestFile:"Debug\fstream_demo.exe.intermediate.manifest" /MANIFESTUAC:"level='asInvoker' uiAccess='false'" /DEBUG /PDB:"Z:\examples\fstream_demo\Debug\fstream_demo.pdb" /SUBSYSTEM:CONSOLE /TLBID:1 /DYNAMICBASE /NXCOMPAT /IMPLIB:"Z:\examples\fstream_demo\Debug\fstream_demo.lib" /MACHINE:X86 Debug\fstream_demo.exe.embed.manifest.res
         Debug\main.obj
         fstream_demo.vcxproj -> Z:\examples\fstream_demo\Debug\fstream_demo.exe
       FinalizeBuildStatus:
         正在删除文件“Debug\fstream_demo.unsuccessfulbuild”。
         正在对“Debug\fstream_demo.lastbuildstate”执行 Touch 任务。
     1>已完成生成项目“Z:\examples\fstream_demo\fstream_demo.vcxproj”(build 个目标)的操作。

生成成功。

已用时间 00:00:03.34
