生成启动时间为 2012-4-25 11:14:23。
     1>项目“z:\examples\mvc\QStandardItemModel_demo\QStandardItemModel_demo.vcxproj”在节点 2 上(build 个目标)。
     1>InitializeBuildStatus:
         正在创建“Debug\QStandardItemModel_demo.unsuccessfulbuild”，因为已指定“AlwaysCreate”。
       CustomBuild:
         所有输出均为最新。
       ClCompile:
         所有输出均为最新。
         所有输出均为最新。
       Link:
         D:\Program Files\Microsoft Visual Studio 10.0\VC\bin\link.exe /ERRORREPORT:PROMPT /OUT:"z:\examples\mvc\QStandardItemModel_demo\\QStandardItemModel_demo.exe" /NOLOGO /LIBPATH:D:\QtSDK\Desktop\Qt\4.8.1\msvc2010\lib qtmaind.lib QtCored4.lib QtGuid4.lib kernel32.lib user32.lib gdi32.lib winspool.lib comdlg32.lib advapi32.lib shell32.lib ole32.lib oleaut32.lib uuid.lib odbc32.lib odbccp32.lib /MANIFEST /ManifestFile:"Debug\QStandardItemModel_demo.exe.intermediate.manifest" /MANIFESTUAC:"level='asInvoker' uiAccess='false'" /DEBUG /PDB:"z:\examples\mvc\QStandardItemModel_demo\QStandardItemModel_demo.pdb" /SUBSYSTEM:WINDOWS /TLBID:1 /DYNAMICBASE /NXCOMPAT /IMPLIB:"z:\examples\mvc\QStandardItemModel_demo\QStandardItemModel_demo.lib" /MACHINE:X86 Debug\qrc_qstandarditemmodel_demo.obj
         Debug\main.obj
         LINK : 没有找到 z:\examples\mvc\QStandardItemModel_demo\\QStandardItemModel_demo.exe 或上一个增量链接没有生成它；正在执行完全链接
     1>qtmaind.lib(qtmain_win.obj) : warning LNK4099: 未找到 PDB“vc100.pdb”(使用“qtmaind.lib(qtmain_win.obj)”或在“z:\examples\mvc\QStandardItemModel_demo\vc100.pdb”中寻找)；正在链接对象，如同没有调试信息一样
         QStandardItemModel_demo.vcxproj -> z:\examples\mvc\QStandardItemModel_demo\QStandardItemModel_demo.exe
       Manifest:
         C:\Program Files\Microsoft SDKs\Windows\v7.0A\bin\mt.exe /nologo /verbose /outputresource:"z:\examples\mvc\QStandardItemModel_demo\\QStandardItemModel_demo.exe;#1" /manifest Debug\QStandardItemModel_demo.exe.intermediate.manifest
       FinalizeBuildStatus:
         正在删除文件“Debug\QStandardItemModel_demo.unsuccessfulbuild”。
         正在对“Debug\QStandardItemModel_demo.lastbuildstate”执行 Touch 任务。
     1>已完成生成项目“z:\examples\mvc\QStandardItemModel_demo\QStandardItemModel_demo.vcxproj”(build 个目标)的操作。

生成成功。

已用时间 00:00:01.40
