生成启动时间为 2012-4-25 10:32:58。
     1>项目“z:\examples\mvc\spinboxdelegate\spinboxdelegate.vcxproj”在节点 2 上(build 个目标)。
     1>InitializeBuildStatus:
         正在对“Debug\spinboxdelegate.unsuccessfulbuild”执行 Touch 任务。
       CustomBuild:
         Moc'ing delegate.h...
       ClCompile:
         D:\Program Files\Microsoft Visual Studio 10.0\VC\bin\CL.exe /c /I.\GeneratedFiles /ID:\QtSDK\Desktop\Qt\4.8.1\msvc2010\include /I.\GeneratedFiles\Debug /ID:\QtSDK\Desktop\Qt\4.8.1\msvc2010\include\QtCore /ID:\QtSDK\Desktop\Qt\4.8.1\msvc2010\include\QtGui /I.\ /Zi /nologo /W1 /WX- /Od /Oy- /D UNICODE /D WIN32 /D QT_LARGEFILE_SUPPORT /D QT_CORE_LIB /D QT_GUI_LIB /Gm- /EHsc /MDd /GS /fp:precise /Zc:wchar_t- /Zc:forScope /Fo"Debug\\" /Fd"Debug\vc100.pdb" /Gd /TP /analyze- /errorReport:prompt delegate.cpp GeneratedFiles\Debug\moc_delegate.cpp
         delegate.cpp
         moc_delegate.cpp
         正在生成代码...
         所有输出均为最新。
       Link:
         D:\Program Files\Microsoft Visual Studio 10.0\VC\bin\link.exe /ERRORREPORT:PROMPT /OUT:"z:\examples\mvc\spinboxdelegate\\spinboxdelegate.exe" /NOLOGO /LIBPATH:D:\QtSDK\Desktop\Qt\4.8.1\msvc2010\lib qtmaind.lib QtCored4.lib QtGuid4.lib kernel32.lib user32.lib gdi32.lib winspool.lib comdlg32.lib advapi32.lib shell32.lib ole32.lib oleaut32.lib uuid.lib odbc32.lib odbccp32.lib /MANIFEST /ManifestFile:"Debug\spinboxdelegate.exe.intermediate.manifest" /MANIFESTUAC:"level='asInvoker' uiAccess='false'" /DEBUG /PDB:"z:\examples\mvc\spinboxdelegate\spinboxdelegate.pdb" /SUBSYSTEM:WINDOWS /TLBID:1 /DYNAMICBASE /NXCOMPAT /IMPLIB:"z:\examples\mvc\spinboxdelegate\spinboxdelegate.lib" /MACHINE:X86 Debug\delegate.obj
         Debug\moc_delegate.obj
         Debug\qrc_spinboxdelegate.obj
         Debug\main.obj
     1>qtmaind.lib(qtmain_win.obj) : warning LNK4099: 未找到 PDB“vc100.pdb”(使用“qtmaind.lib(qtmain_win.obj)”或在“z:\examples\mvc\spinboxdelegate\vc100.pdb”中寻找)；正在链接对象，如同没有调试信息一样
         spinboxdelegate.vcxproj -> z:\examples\mvc\spinboxdelegate\spinboxdelegate.exe
       Manifest:
         C:\Program Files\Microsoft SDKs\Windows\v7.0A\bin\mt.exe /nologo /verbose /outputresource:"z:\examples\mvc\spinboxdelegate\\spinboxdelegate.exe;#1" /manifest Debug\spinboxdelegate.exe.intermediate.manifest
       FinalizeBuildStatus:
         正在删除文件“Debug\spinboxdelegate.unsuccessfulbuild”。
         正在对“Debug\spinboxdelegate.lastbuildstate”执行 Touch 任务。
     1>已完成生成项目“z:\examples\mvc\spinboxdelegate\spinboxdelegate.vcxproj”(build 个目标)的操作。

生成成功。

已用时间 00:00:09.60
