生成启动时间为 2012-4-24 19:04:15。
     1>项目“Z:\examples\calendarwidget\calendarwidget.vcxproj”在节点 2 上(rebuild 个目标)。
     1>_PrepareForClean:
         正在删除文件“Debug\calendarwidget.lastbuildstate”。
       InitializeBuildStatus:
         正在创建“Debug\calendarwidget.unsuccessfulbuild”，因为已指定“AlwaysCreate”。
       ComputeCustomBuildOutput:
         正在创建目录“Z:\examples\calendarwidget\GeneratedFiles\”。
         正在创建目录“Z:\examples\calendarwidget\GeneratedFiles\Debug\”。
       CustomBuild:
         Uic'ing calendarwidget.ui...
         Moc'ing window.h...
       ClCompile:
         D:\Program Files\Microsoft Visual Studio 10.0\VC\bin\CL.exe /c /I.\GeneratedFiles /ID:\QtSDK\Desktop\Qt\4.8.1\msvc2010\include /I.\GeneratedFiles\Debug /ID:\QtSDK\Desktop\Qt\4.8.1\msvc2010\include\QtCore /ID:\QtSDK\Desktop\Qt\4.8.1\msvc2010\include\QtGui /I.\ /Zi /nologo /W1 /WX- /Od /Oy- /D UNICODE /D WIN32 /D QT_LARGEFILE_SUPPORT /D QT_CORE_LIB /D QT_GUI_LIB /Gm- /EHsc /MDd /GS /fp:precise /Zc:wchar_t- /Zc:forScope /Fo"Debug\\" /Fd"Debug\vc100.pdb" /Gd /TP /analyze- /errorReport:prompt GeneratedFiles\Debug\moc_window.cpp main.cpp window.cpp
         moc_window.cpp
         main.cpp
         window.cpp
         正在生成代码...
       Link:
         D:\Program Files\Microsoft Visual Studio 10.0\VC\bin\link.exe /ERRORREPORT:PROMPT /OUT:"Z:\examples\calendarwidget\\calendarwidget.exe" /NOLOGO /LIBPATH:D:\QtSDK\Desktop\Qt\4.8.1\msvc2010\lib qtmaind.lib QtCored4.lib QtGuid4.lib kernel32.lib user32.lib gdi32.lib winspool.lib comdlg32.lib advapi32.lib shell32.lib ole32.lib oleaut32.lib uuid.lib odbc32.lib odbccp32.lib /MANIFEST /ManifestFile:"Debug\calendarwidget.exe.intermediate.manifest" /MANIFESTUAC:"level='asInvoker' uiAccess='false'" /DEBUG /PDB:"Z:\examples\calendarwidget\calendarwidget.pdb" /SUBSYSTEM:WINDOWS /TLBID:1 /DYNAMICBASE /NXCOMPAT /IMPLIB:"Z:\examples\calendarwidget\calendarwidget.lib" /MACHINE:X86 Debug\moc_window.obj
         Debug\main.obj
         Debug\window.obj
     1>qtmaind.lib(qtmain_win.obj) : warning LNK4099: 未找到 PDB“vc100.pdb”(使用“qtmaind.lib(qtmain_win.obj)”或在“Z:\examples\calendarwidget\vc100.pdb”中寻找)；正在链接对象，如同没有调试信息一样
         calendarwidget.vcxproj -> Z:\examples\calendarwidget\calendarwidget.exe
       Manifest:
         C:\Program Files\Microsoft SDKs\Windows\v7.0A\bin\mt.exe /nologo /verbose /outputresource:"Z:\examples\calendarwidget\\calendarwidget.exe;#1" /manifest Debug\calendarwidget.exe.intermediate.manifest
       FinalizeBuildStatus:
         正在删除文件“Debug\calendarwidget.unsuccessfulbuild”。
         正在对“Debug\calendarwidget.lastbuildstate”执行 Touch 任务。
     1>已完成生成项目“Z:\examples\calendarwidget\calendarwidget.vcxproj”(rebuild 个目标)的操作。

生成成功。

已用时间 00:00:14.56
