D:\TEM\CALENDARWIDGET\CALENDARWIDGET.EXE
D:\TEM\CALENDARWIDGET\CALENDARWIDGET.ILK
D:\TEM\CALENDARWIDGET\CALENDARWIDGET.PDB
D:\TEM\CALENDARWIDGET\DEBUG\CALENDARWIDGET.EXE.INTERMEDIATE.MANIFEST
D:\TEM\CALENDARWIDGET\DEBUG\MAIN.OBJ
D:\TEM\CALENDARWIDGET\DEBUG\MOC_WINDOW.OBJ
D:\TEM\CALENDARWIDGET\DEBUG\VC100.PDB
D:\TEM\CALENDARWIDGET\DEBUG\WINDOW.OBJ
D:\TEM\CALENDARWIDGET\GENERATEDFILES\DEBUG\MOC_WINDOW.CPP
D:\TEM\CALENDARWIDGET\GENERATEDFILES\UI_CALENDARWIDGET.H
Z:\examples\calendarwidget\Debug\cl.command.1.tlog
Z:\examples\calendarwidget\Debug\CL.read.1.tlog
Z:\examples\calendarwidget\Debug\CL.write.1.tlog
Z:\examples\calendarwidget\Debug\custombuild.command.1.tlog
Z:\examples\calendarwidget\Debug\custombuild.read.1.tlog
Z:\examples\calendarwidget\Debug\custombuild.write.1.tlog
Z:\examples\calendarwidget\Debug\link.command.1.tlog
Z:\examples\calendarwidget\Debug\link.read.1.tlog
Z:\examples\calendarwidget\Debug\link.read.2.tlog
Z:\examples\calendarwidget\Debug\link.write.1.tlog
Z:\examples\calendarwidget\Debug\mt.command.1.tlog
Z:\examples\calendarwidget\Debug\mt.read.1.tlog
Z:\examples\calendarwidget\Debug\mt.write.1.tlog
