生成启动时间为 2012-4-25 8:14:56。
     1>项目“Z:\examples\overloaded_io\overloaded_io.vcxproj”在节点 2 上(rebuild 个目标)。
     1>_PrepareForClean:
         正在删除文件“Debug\overloaded_io.lastbuildstate”。
       InitializeBuildStatus:
         正在创建“Debug\overloaded_io.unsuccessfulbuild”，因为已指定“AlwaysCreate”。
       ClCompile:
         D:\Program Files\Microsoft Visual Studio 10.0\VC\bin\CL.exe /c /ID:\QtSDK\Desktop\Qt\4.8.1\msvc2010\include /I.\GeneratedFiles\Debug /ID:\QtSDK\Desktop\Qt\4.8.1\msvc2010\include\QtCore /Zi /nologo /W1 /WX- /Od /Oy- /D UNICODE /D WIN32 /D QT_LARGEFILE_SUPPORT /D QT_CORE_LIB /Gm- /EHsc /MDd /GS /fp:precise /Zc:wchar_t- /Zc:forScope /Fo"Debug\\" /Fd"Debug\vc100.pdb" /Gd /TP /analyze- /errorReport:prompt main.cpp
         main.cpp
     1>z:\examples\overloaded_io\main.cpp(26): warning C4715: “operator>>”: 不是所有的控件路径都返回值
       Link:
         D:\Program Files\Microsoft Visual Studio 10.0\VC\bin\link.exe /ERRORREPORT:PROMPT /OUT:"Z:\examples\overloaded_io\\overloaded_io.exe" /NOLOGO /LIBPATH:D:\QtSDK\Desktop\Qt\4.8.1\msvc2010\lib qtmaind.lib QtCored4.lib kernel32.lib user32.lib gdi32.lib winspool.lib comdlg32.lib advapi32.lib shell32.lib ole32.lib oleaut32.lib uuid.lib odbc32.lib odbccp32.lib /MANIFEST /ManifestFile:"Debug\overloaded_io.exe.intermediate.manifest" /MANIFESTUAC:"level='asInvoker' uiAccess='false'" /DEBUG /PDB:"Z:\examples\overloaded_io\overloaded_io.pdb" /SUBSYSTEM:CONSOLE /TLBID:1 /DYNAMICBASE /NXCOMPAT /IMPLIB:"Z:\examples\overloaded_io\overloaded_io.lib" /MACHINE:X86 Debug\main.obj
         overloaded_io.vcxproj -> Z:\examples\overloaded_io\overloaded_io.exe
       Manifest:
         C:\Program Files\Microsoft SDKs\Windows\v7.0A\bin\mt.exe /nologo /verbose /outputresource:"Z:\examples\overloaded_io\\overloaded_io.exe;#1" /manifest Debug\overloaded_io.exe.intermediate.manifest
       FinalizeBuildStatus:
         正在删除文件“Debug\overloaded_io.unsuccessfulbuild”。
         正在对“Debug\overloaded_io.lastbuildstate”执行 Touch 任务。
     1>已完成生成项目“Z:\examples\overloaded_io\overloaded_io.vcxproj”(rebuild 个目标)的操作。

生成成功。

已用时间 00:00:02.03
