生成启动时间为 2012-4-25 9:39:32。
     1>项目“z:\examples\undoframework\undoframework.vcxproj”在节点 2 上(build 个目标)。
     1>InitializeBuildStatus:
         正在对“Debug\undoframework.unsuccessfulbuild”执行 Touch 任务。
       CustomBuild:
         Uic'ing undoframework.ui...
         Moc'ing diagramscene.h...
         Moc'ing mainwindow.h...
         Rcc'ing undoframework.qrc...
       ClCompile:
         D:\Program Files\Microsoft Visual Studio 10.0\VC\bin\CL.exe /c /I.\GeneratedFiles /ID:\QtSDK\Desktop\Qt\4.8.1\msvc2010\include /I.\GeneratedFiles\Debug /ID:\QtSDK\Desktop\Qt\4.8.1\msvc2010\include\QtCore /ID:\QtSDK\Desktop\Qt\4.8.1\msvc2010\include\QtGui /I.\ /Zi /nologo /W1 /WX- /Od /Oy- /D UNICODE /D WIN32 /D QT_LARGEFILE_SUPPORT /D QT_CORE_LIB /D QT_GUI_LIB /Gm- /EHsc /MDd /GS /fp:precise /Zc:wchar_t- /Zc:forScope /Fo"Debug\\" /Fd"Debug\vc100.pdb" /Gd /TP /analyze- /errorReport:prompt commands.cpp diagramitem.cpp diagramscene.cpp GeneratedFiles\Debug\moc_diagramscene.cpp GeneratedFiles\Debug\moc_mainwindow.cpp main.cpp mainwindow.cpp
         commands.cpp
         diagramitem.cpp
         diagramscene.cpp
         moc_diagramscene.cpp
         moc_mainwindow.cpp
         main.cpp
         mainwindow.cpp
         正在生成代码...
         D:\Program Files\Microsoft Visual Studio 10.0\VC\bin\CL.exe /c /I.\GeneratedFiles /ID:\QtSDK\Desktop\Qt\4.8.1\msvc2010\include /I.\GeneratedFiles\Debug /ID:\QtSDK\Desktop\Qt\4.8.1\msvc2010\include\QtCore /ID:\QtSDK\Desktop\Qt\4.8.1\msvc2010\include\QtGui /I.\ /Zi /nologo /W1 /WX- /Od /Oy- /D UNICODE /D WIN32 /D QT_LARGEFILE_SUPPORT /D QT_CORE_LIB /D QT_GUI_LIB /Gm- /EHsc /MDd /GS /fp:precise /Zc:wchar_t- /Zc:forScope /Fo"Debug\\" /Fd"Debug\vc100.pdb" /Gd /TP /analyze- /errorReport:prompt GeneratedFiles\qrc_undoframework.cpp
         qrc_undoframework.cpp
       Link:
         D:\Program Files\Microsoft Visual Studio 10.0\VC\bin\link.exe /ERRORREPORT:PROMPT /OUT:"z:\examples\undoframework\\undoframework.exe" /NOLOGO /LIBPATH:D:\QtSDK\Desktop\Qt\4.8.1\msvc2010\lib qtmaind.lib QtCored4.lib QtGuid4.lib kernel32.lib user32.lib gdi32.lib winspool.lib comdlg32.lib advapi32.lib shell32.lib ole32.lib oleaut32.lib uuid.lib odbc32.lib odbccp32.lib /MANIFEST /ManifestFile:"Debug\undoframework.exe.intermediate.manifest" /MANIFESTUAC:"level='asInvoker' uiAccess='false'" /DEBUG /PDB:"z:\examples\undoframework\undoframework.pdb" /SUBSYSTEM:WINDOWS /TLBID:1 /DYNAMICBASE /NXCOMPAT /IMPLIB:"z:\examples\undoframework\undoframework.lib" /MACHINE:X86 Debug\commands.obj
         Debug\diagramitem.obj
         Debug\diagramscene.obj
         Debug\moc_diagramscene.obj
         Debug\moc_mainwindow.obj
         Debug\qrc_undoframework.obj
         Debug\main.obj
         Debug\mainwindow.obj
     1>qtmaind.lib(qtmain_win.obj) : warning LNK4099: 未找到 PDB“vc100.pdb”(使用“qtmaind.lib(qtmain_win.obj)”或在“z:\examples\undoframework\vc100.pdb”中寻找)；正在链接对象，如同没有调试信息一样
         undoframework.vcxproj -> z:\examples\undoframework\undoframework.exe
       Manifest:
         C:\Program Files\Microsoft SDKs\Windows\v7.0A\bin\mt.exe /nologo /verbose /outputresource:"z:\examples\undoframework\\undoframework.exe;#1" /manifest Debug\undoframework.exe.intermediate.manifest
       FinalizeBuildStatus:
         正在删除文件“Debug\undoframework.unsuccessfulbuild”。
         正在对“Debug\undoframework.lastbuildstate”执行 Touch 任务。
     1>已完成生成项目“z:\examples\undoframework\undoframework.vcxproj”(build 个目标)的操作。

生成成功。

已用时间 00:00:31.98
