生成启动时间为 2012-4-25 9:30:02。
     1>项目“z:\examples\styles\styles.vcxproj”在节点 2 上(build 个目标)。
     1>InitializeBuildStatus:
         正在创建“Debug\styles.unsuccessfulbuild”，因为已指定“AlwaysCreate”。
       CustomBuild:
         Uic'ing styles.ui...
         Moc'ing norwegianwoodstyle.h...
         Moc'ing widgetgallery.h...
         Rcc'ing styles.qrc...
       ClCompile:
         D:\Program Files\Microsoft Visual Studio 10.0\VC\bin\CL.exe /c /I.\GeneratedFiles /ID:\QtSDK\Desktop\Qt\4.8.1\msvc2010\include /I.\GeneratedFiles\Debug /ID:\QtSDK\Desktop\Qt\4.8.1\msvc2010\include\QtCore /ID:\QtSDK\Desktop\Qt\4.8.1\msvc2010\include\QtGui /I.\ /Zi /nologo /W1 /WX- /Od /Oy- /D UNICODE /D WIN32 /D QT_LARGEFILE_SUPPORT /D QT_CORE_LIB /D QT_GUI_LIB /Gm- /EHsc /MDd /GS /fp:precise /Zc:wchar_t- /Zc:forScope /Fo"Debug\\" /Fd"Debug\vc100.pdb" /Gd /TP /analyze- /errorReport:prompt GeneratedFiles\Debug\moc_norwegianwoodstyle.cpp GeneratedFiles\Debug\moc_widgetgallery.cpp main.cpp norwegianwoodstyle.cpp widgetgallery.cpp
         moc_norwegianwoodstyle.cpp
         moc_widgetgallery.cpp
         main.cpp
         norwegianwoodstyle.cpp
         widgetgallery.cpp
         正在生成代码...
         D:\Program Files\Microsoft Visual Studio 10.0\VC\bin\CL.exe /c /I.\GeneratedFiles /ID:\QtSDK\Desktop\Qt\4.8.1\msvc2010\include /I.\GeneratedFiles\Debug /ID:\QtSDK\Desktop\Qt\4.8.1\msvc2010\include\QtCore /ID:\QtSDK\Desktop\Qt\4.8.1\msvc2010\include\QtGui /I.\ /Zi /nologo /W1 /WX- /Od /Oy- /D UNICODE /D WIN32 /D QT_LARGEFILE_SUPPORT /D QT_CORE_LIB /D QT_GUI_LIB /Gm- /EHsc /MDd /GS /fp:precise /Zc:wchar_t- /Zc:forScope /Fo"Debug\\" /Fd"Debug\vc100.pdb" /Gd /TP /analyze- /errorReport:prompt GeneratedFiles\qrc_styles.cpp
         qrc_styles.cpp
       Link:
         D:\Program Files\Microsoft Visual Studio 10.0\VC\bin\link.exe /ERRORREPORT:PROMPT /OUT:"z:\examples\styles\\styles.exe" /NOLOGO /LIBPATH:D:\QtSDK\Desktop\Qt\4.8.1\msvc2010\lib qtmaind.lib QtCored4.lib QtGuid4.lib kernel32.lib user32.lib gdi32.lib winspool.lib comdlg32.lib advapi32.lib shell32.lib ole32.lib oleaut32.lib uuid.lib odbc32.lib odbccp32.lib /MANIFEST /ManifestFile:"Debug\styles.exe.intermediate.manifest" /MANIFESTUAC:"level='asInvoker' uiAccess='false'" /DEBUG /PDB:"z:\examples\styles\styles.pdb" /SUBSYSTEM:WINDOWS /TLBID:1 /DYNAMICBASE /NXCOMPAT /IMPLIB:"z:\examples\styles\styles.lib" /MACHINE:X86 Debug\moc_norwegianwoodstyle.obj
         Debug\moc_widgetgallery.obj
         Debug\qrc_styles.obj
         Debug\main.obj
         Debug\norwegianwoodstyle.obj
         Debug\widgetgallery.obj
     1>qtmaind.lib(qtmain_win.obj) : warning LNK4099: 未找到 PDB“vc100.pdb”(使用“qtmaind.lib(qtmain_win.obj)”或在“z:\examples\styles\vc100.pdb”中寻找)；正在链接对象，如同没有调试信息一样
         styles.vcxproj -> z:\examples\styles\styles.exe
       Manifest:
         C:\Program Files\Microsoft SDKs\Windows\v7.0A\bin\mt.exe /nologo /verbose /outputresource:"z:\examples\styles\\styles.exe;#1" /manifest Debug\styles.exe.intermediate.manifest
       FinalizeBuildStatus:
         正在删除文件“Debug\styles.unsuccessfulbuild”。
         正在对“Debug\styles.lastbuildstate”执行 Touch 任务。
     1>已完成生成项目“z:\examples\styles\styles.vcxproj”(build 个目标)的操作。

生成成功。

已用时间 00:00:19.84
