Z:\EXAMPLES\COLLIDINGMICE\DEBUG\COLLIDINGMICE.EXE
Z:\EXAMPLES\COLLIDINGMICE\DEBUG\COLLIDINGMICE.ILK
Z:\examples\collidingmice\tmp\obj\debug_shared\CL.2488.read.1.tlog
Z:\examples\collidingmice\tmp\obj\debug_shared\CL.2488.write.1.tlog
Z:\examples\collidingmice\tmp\obj\debug_shared\CL.3348.read.1.tlog
Z:\examples\collidingmice\tmp\obj\debug_shared\CL.3348.write.1.tlog
Z:\examples\collidingmice\tmp\obj\debug_shared\cl.command.1.tlog
Z:\examples\collidingmice\tmp\obj\debug_shared\CL.read.1.tlog
Z:\examples\collidingmice\tmp\obj\debug_shared\cl.write.1.tlog
Z:\EXAMPLES\COLLIDINGMICE\TMP\OBJ\DEBUG_SHARED\COLLIDINGMICE.EXE.INTERMEDIATE.MANIFEST
Z:\examples\collidingmice\tmp\obj\debug_shared\custombuild.command.1.tlog
Z:\examples\collidingmice\tmp\obj\debug_shared\custombuild.read.1.tlog
Z:\examples\collidingmice\tmp\obj\debug_shared\custombuild.write.1.tlog
Z:\examples\collidingmice\tmp\obj\debug_shared\link.command.1.tlog
Z:\examples\collidingmice\tmp\obj\debug_shared\link.read.1.tlog
Z:\examples\collidingmice\tmp\obj\debug_shared\link.write.1.tlog
Z:\examples\collidingmice\tmp\obj\debug_shared\main.obj
Z:\examples\collidingmice\tmp\obj\debug_shared\mouse.obj
Z:\examples\collidingmice\tmp\obj\debug_shared\mt.command.1.tlog
Z:\examples\collidingmice\tmp\obj\debug_shared\mt.read.1.tlog
Z:\examples\collidingmice\tmp\obj\debug_shared\mt.write.1.tlog
Z:\examples\collidingmice\tmp\obj\debug_shared\qrc_mice.obj
Z:\EXAMPLES\COLLIDINGMICE\TMP\RCC\DEBUG_SHARED\QRC_MICE.CPP
Z:\EXAMPLES\COLLIDINGMICE\VC100.PDB
