生成启动时间为 2012-4-24 20:45:38。
     1>项目“z:\examples\mouse_guesture\mouse_guesture.vcxproj”在节点 2 上(build 个目标)。
     1>InitializeBuildStatus:
         正在创建“Debug\mouse_guesture.unsuccessfulbuild”，因为已指定“AlwaysCreate”。
       CustomBuild:
         Moc'ing mouse_guesture.h...
         Uic'ing mouse_guesture.ui...
         Moc'ing MouseGesture.h...
         Moc'ing mainwindow.h...
         Rcc'ing mouse_guesture.qrc...
     1>RCC : warning : No resources in 'z:\examples\mouse_guesture\mouse_guesture.qrc'.
         
       ClCompile:
         D:\Program Files\Microsoft Visual Studio 10.0\VC\bin\CL.exe /c /I.\GeneratedFiles /ID:\QtSDK\Desktop\Qt\4.8.1\msvc2010\include /I.\GeneratedFiles\Debug /ID:\QtSDK\Desktop\Qt\4.8.1\msvc2010\include\QtCore /ID:\QtSDK\Desktop\Qt\4.8.1\msvc2010\include\QtGui /I.\ /Zi /nologo /W1 /WX- /Od /Oy- /D UNICODE /D WIN32 /D QT_LARGEFILE_SUPPORT /D QT_CORE_LIB /D QT_GUI_LIB /Gm- /EHsc /MDd /GS /fp:precise /Zc:wchar_t- /Zc:forScope /Fo"Debug\\" /Fd"Debug\vc100.pdb" /Gd /TP /analyze- /errorReport:prompt GeneratedFiles\Debug\moc_mainwindow.cpp GeneratedFiles\Debug\moc_MouseGesture.cpp GeneratedFiles\Debug\moc_mouse_guesture.cpp main.cpp mainwindow.cpp MouseGesture.cpp MouseGestureFilter.cpp mousegesturerecognizer.cpp mouse_guesture.cpp
         moc_mainwindow.cpp
         moc_MouseGesture.cpp
         moc_mouse_guesture.cpp
         main.cpp
         mainwindow.cpp
         MouseGesture.cpp
         MouseGestureFilter.cpp
         mousegesturerecognizer.cpp
         mouse_guesture.cpp
         正在生成代码...
         D:\Program Files\Microsoft Visual Studio 10.0\VC\bin\CL.exe /c /I.\GeneratedFiles /ID:\QtSDK\Desktop\Qt\4.8.1\msvc2010\include /I.\GeneratedFiles\Debug /ID:\QtSDK\Desktop\Qt\4.8.1\msvc2010\include\QtCore /ID:\QtSDK\Desktop\Qt\4.8.1\msvc2010\include\QtGui /I.\ /Zi /nologo /W1 /WX- /Od /Oy- /D UNICODE /D WIN32 /D QT_LARGEFILE_SUPPORT /D QT_CORE_LIB /D QT_GUI_LIB /Gm- /EHsc /MDd /GS /fp:precise /Zc:wchar_t- /Zc:forScope /Fo"Debug\\" /Fd"Debug\vc100.pdb" /Gd /TP /analyze- /errorReport:prompt GeneratedFiles\qrc_mouse_guesture.cpp
         qrc_mouse_guesture.cpp
       Link:
         D:\Program Files\Microsoft Visual Studio 10.0\VC\bin\link.exe /ERRORREPORT:PROMPT /OUT:"z:\examples\mouse_guesture\\mouse_guesture.exe" /NOLOGO /LIBPATH:D:\QtSDK\Desktop\Qt\4.8.1\msvc2010\lib qtmaind.lib QtCored4.lib QtGuid4.lib kernel32.lib user32.lib gdi32.lib winspool.lib comdlg32.lib advapi32.lib shell32.lib ole32.lib oleaut32.lib uuid.lib odbc32.lib odbccp32.lib /MANIFEST /ManifestFile:"Debug\mouse_guesture.exe.intermediate.manifest" /MANIFESTUAC:"level='asInvoker' uiAccess='false'" /DEBUG /PDB:"z:\examples\mouse_guesture\mouse_guesture.pdb" /SUBSYSTEM:WINDOWS /TLBID:1 /DYNAMICBASE /NXCOMPAT /IMPLIB:"z:\examples\mouse_guesture\mouse_guesture.lib" /MACHINE:X86 Debug\moc_mainwindow.obj
         Debug\moc_MouseGesture.obj
         Debug\moc_mouse_guesture.obj
         Debug\qrc_mouse_guesture.obj
         Debug\main.obj
         Debug\mainwindow.obj
         Debug\MouseGesture.obj
         Debug\MouseGestureFilter.obj
         Debug\mousegesturerecognizer.obj
         Debug\mouse_guesture.obj
     1>qtmaind.lib(qtmain_win.obj) : warning LNK4099: 未找到 PDB“vc100.pdb”(使用“qtmaind.lib(qtmain_win.obj)”或在“z:\examples\mouse_guesture\vc100.pdb”中寻找)；正在链接对象，如同没有调试信息一样
         mouse_guesture.vcxproj -> z:\examples\mouse_guesture\mouse_guesture.exe
       Manifest:
         C:\Program Files\Microsoft SDKs\Windows\v7.0A\bin\mt.exe /nologo /verbose /outputresource:"z:\examples\mouse_guesture\\mouse_guesture.exe;#1" /manifest Debug\mouse_guesture.exe.intermediate.manifest
       FinalizeBuildStatus:
         正在删除文件“Debug\mouse_guesture.unsuccessfulbuild”。
         正在对“Debug\mouse_guesture.lastbuildstate”执行 Touch 任务。
     1>已完成生成项目“z:\examples\mouse_guesture\mouse_guesture.vcxproj”(build 个目标)的操作。

生成成功。

已用时间 00:00:18.31
