生成启动时间为 2012-4-25 10:50:36。
     1>项目“z:\examples\mvc\binary_tree\binary_tree.vcxproj”在节点 2 上(build 个目标)。
     1>InitializeBuildStatus:
         正在创建“Debug\binary_tree.unsuccessfulbuild”，因为已指定“AlwaysCreate”。
     1>RCC : warning : No resources in 'z:\examples\mvc\binary_tree\binary_tree.qrc'.
         
         Uic'ing binary_tree.ui...
         Moc'ing treemodel.h...
         Rcc'ing binary_tree.qrc...
       ClCompile:
         D:\Program Files\Microsoft Visual Studio 10.0\VC\bin\CL.exe /c /I.\GeneratedFiles /ID:\QtSDK\Desktop\Qt\4.8.1\msvc2010\include /I.\GeneratedFiles\Debug /ID:\QtSDK\Desktop\Qt\4.8.1\msvc2010\include\QtCore /ID:\QtSDK\Desktop\Qt\4.8.1\msvc2010\include\QtGui /I.\ /Zi /nologo /W1 /WX- /Od /Oy- /D UNICODE /D WIN32 /D QT_LARGEFILE_SUPPORT /D QT_CORE_LIB /D QT_GUI_LIB /Gm- /EHsc /MDd /GS /fp:precise /Zc:wchar_t- /Zc:forScope /Fo"Debug\\" /Fd"Debug\vc100.pdb" /Gd /TP /analyze- /errorReport:prompt GeneratedFiles\Debug\moc_treemodel.cpp main.cpp treemodel.cpp
         moc_treemodel.cpp
         main.cpp
         treemodel.cpp
         正在生成代码...
         D:\Program Files\Microsoft Visual Studio 10.0\VC\bin\CL.exe /c /I.\GeneratedFiles /ID:\QtSDK\Desktop\Qt\4.8.1\msvc2010\include /I.\GeneratedFiles\Debug /ID:\QtSDK\Desktop\Qt\4.8.1\msvc2010\include\QtCore /ID:\QtSDK\Desktop\Qt\4.8.1\msvc2010\include\QtGui /I.\ /Zi /nologo /W1 /WX- /Od /Oy- /D UNICODE /D WIN32 /D QT_LARGEFILE_SUPPORT /D QT_CORE_LIB /D QT_GUI_LIB /Gm- /EHsc /MDd /GS /fp:precise /Zc:wchar_t- /Zc:forScope /Fo"Debug\\" /Fd"Debug\vc100.pdb" /Gd /TP /analyze- /errorReport:prompt GeneratedFiles\qrc_binary_tree.cpp
         qrc_binary_tree.cpp
       Link:
         D:\Program Files\Microsoft Visual Studio 10.0\VC\bin\link.exe /ERRORREPORT:PROMPT /OUT:"z:\examples\mvc\binary_tree\\binary_tree.exe" /NOLOGO /LIBPATH:D:\QtSDK\Desktop\Qt\4.8.1\msvc2010\lib qtmaind.lib QtCored4.lib QtGuid4.lib kernel32.lib user32.lib gdi32.lib winspool.lib comdlg32.lib advapi32.lib shell32.lib ole32.lib oleaut32.lib uuid.lib odbc32.lib odbccp32.lib /MANIFEST /ManifestFile:"Debug\binary_tree.exe.intermediate.manifest" /MANIFESTUAC:"level='asInvoker' uiAccess='false'" /DEBUG /PDB:"z:\examples\mvc\binary_tree\binary_tree.pdb" /SUBSYSTEM:WINDOWS /TLBID:1 /DYNAMICBASE /NXCOMPAT /IMPLIB:"z:\examples\mvc\binary_tree\binary_tree.lib" /MACHINE:X86 Debug\moc_treemodel.obj
         Debug\qrc_binary_tree.obj
         Debug\main.obj
         Debug\treemodel.obj
     1>qtmaind.lib(qtmain_win.obj) : warning LNK4099: 未找到 PDB“vc100.pdb”(使用“qtmaind.lib(qtmain_win.obj)”或在“z:\examples\mvc\binary_tree\vc100.pdb”中寻找)；正在链接对象，如同没有调试信息一样
         binary_tree.vcxproj -> z:\examples\mvc\binary_tree\binary_tree.exe
       Manifest:
         C:\Program Files\Microsoft SDKs\Windows\v7.0A\bin\mt.exe /nologo /verbose /outputresource:"z:\examples\mvc\binary_tree\\binary_tree.exe;#1" /manifest Debug\binary_tree.exe.intermediate.manifest
       FinalizeBuildStatus:
         正在删除文件“Debug\binary_tree.unsuccessfulbuild”。
         正在对“Debug\binary_tree.lastbuildstate”执行 Touch 任务。
     1>已完成生成项目“z:\examples\mvc\binary_tree\binary_tree.vcxproj”(build 个目标)的操作。

生成成功。

已用时间 00:00:07.84
